<?xml version="1.0" encoding="UTF-8"?>
<coverage generated="1581923448804" clover="3.2.0">
  <project timestamp="1581923448804" name="All files">
    <metrics statements="89" coveredstatements="89" conditionals="16" coveredconditionals="16" methods="30" coveredmethods="30" elements="135" coveredelements="135" complexity="0" loc="89" ncloc="89" packages="1" files="5" classes="5"/>
    <file name="index.js" path="C:\Users\Vanesa\Desktop\LIM011-fe-md-links\src\index.js">
      <metrics statements="28" coveredstatements="28" conditionals="4" coveredconditionals="4" methods="12" coveredmethods="12"/>
      <line num="2" count="1" type="stmt"/>
      <line num="3" count="1" type="stmt"/>
      <line num="4" count="1" type="stmt"/>
      <line num="6" count="2" type="stmt"/>
      <line num="7" count="7" type="stmt"/>
      <line num="8" count="4" type="stmt"/>
      <line num="9" count="15" type="stmt"/>
      <line num="10" count="17" type="stmt"/>
      <line num="11" count="12" type="stmt"/>
      <line num="12" count="1" type="stmt"/>
      <line num="13" count="17" type="stmt"/>
      <line num="14" count="17" type="cond" truecount="2" falsecount="0"/>
      <line num="15" count="15" type="cond" truecount="2" falsecount="0"/>
      <line num="16" count="14" type="stmt"/>
      <line num="17" count="14" type="stmt"/>
      <line num="19" count="1" type="stmt"/>
      <line num="21" count="2" type="stmt"/>
      <line num="22" count="4" type="stmt"/>
      <line num="24" count="2" type="stmt"/>
      <line num="26" count="1" type="stmt"/>
      <line num="27" count="12" type="stmt"/>
      <line num="28" count="12" type="stmt"/>
      <line num="29" count="12" type="stmt"/>
      <line num="30" count="12" type="stmt"/>
      <line num="31" count="22" type="stmt"/>
      <line num="33" count="12" type="stmt"/>
      <line num="35" count="12" type="stmt"/>
      <line num="48" count="1" type="stmt"/>
    </file>
    <file name="mdlinks-cli.js" path="C:\Users\Vanesa\Desktop\LIM011-fe-md-links\src\mdlinks-cli.js">
      <metrics statements="25" coveredstatements="25" conditionals="6" coveredconditionals="6" methods="7" coveredmethods="7"/>
      <line num="1" count="1" type="stmt"/>
      <line num="2" count="1" type="stmt"/>
      <line num="4" count="1" type="stmt"/>
      <line num="5" count="4" type="cond" truecount="2" falsecount="0"/>
      <line num="6" count="1" type="stmt"/>
      <line num="7" count="1" type="stmt"/>
      <line num="8" count="1" type="stmt"/>
      <line num="9" count="1" type="stmt"/>
      <line num="11" count="1" type="stmt"/>
      <line num="13" count="3" type="cond" truecount="2" falsecount="0"/>
      <line num="14" count="1" type="stmt"/>
      <line num="15" count="1" type="stmt"/>
      <line num="16" count="1" type="stmt"/>
      <line num="17" count="1" type="stmt"/>
      <line num="20" count="2" type="cond" truecount="2" falsecount="0"/>
      <line num="21" count="1" type="stmt"/>
      <line num="22" count="1" type="stmt"/>
      <line num="23" count="1" type="stmt"/>
      <line num="24" count="1" type="stmt"/>
      <line num="27" count="1" type="stmt"/>
      <line num="28" count="1" type="stmt"/>
      <line num="29" count="1" type="stmt"/>
      <line num="30" count="1" type="stmt"/>
      <line num="32" count="1" type="stmt"/>
      <line num="35" count="1" type="stmt"/>
    </file>
    <file name="mdlinks.js" path="C:\Users\Vanesa\Desktop\LIM011-fe-md-links\src\mdlinks.js">
      <metrics statements="8" coveredstatements="8" conditionals="2" coveredconditionals="2" methods="2" coveredmethods="2"/>
      <line num="1" count="1" type="stmt"/>
      <line num="2" count="1" type="stmt"/>
      <line num="4" count="6" type="stmt"/>
      <line num="5" count="6" type="stmt"/>
      <line num="6" count="6" type="cond" truecount="2" falsecount="0"/>
      <line num="7" count="4" type="stmt"/>
      <line num="9" count="6" type="stmt"/>
      <line num="15" count="1" type="stmt"/>
    </file>
    <file name="stats.js" path="C:\Users\Vanesa\Desktop\LIM011-fe-md-links\src\stats.js">
      <metrics statements="8" coveredstatements="8" conditionals="0" coveredconditionals="0" methods="5" coveredmethods="5"/>
      <line num="1" count="3" type="stmt"/>
      <line num="2" count="4" type="stmt"/>
      <line num="3" count="1" type="stmt"/>
      <line num="4" count="3" type="stmt"/>
      <line num="5" count="5" type="stmt"/>
      <line num="6" count="3" type="stmt"/>
      <line num="7" count="3" type="stmt"/>
      <line num="9" count="1" type="stmt"/>
    </file>
    <file name="validate.js" path="C:\Users\Vanesa\Desktop\LIM011-fe-md-links\src\validate.js">
      <metrics statements="20" coveredstatements="20" conditionals="4" coveredconditionals="4" methods="4" coveredmethods="4"/>
      <line num="3" count="1" type="stmt"/>
      <line num="4" count="1" type="stmt"/>
      <line num="6" count="1" type="stmt"/>
      <line num="7" count="5" type="stmt"/>
      <line num="8" count="5" type="stmt"/>
      <line num="9" count="5" type="stmt"/>
      <line num="10" count="9" type="stmt"/>
      <line num="11" count="9" type="stmt"/>
      <line num="13" count="7" type="cond" truecount="4" falsecount="0"/>
      <line num="14" count="5" type="stmt"/>
      <line num="15" count="5" type="stmt"/>
      <line num="16" count="5" type="stmt"/>
      <line num="18" count="2" type="stmt"/>
      <line num="19" count="2" type="stmt"/>
      <line num="20" count="2" type="stmt"/>
      <line num="23" count="2" type="stmt"/>
      <line num="24" count="2" type="stmt"/>
      <line num="25" count="2" type="stmt"/>
      <line num="28" count="5" type="stmt"/>
      <line num="32" count="1" type="stmt"/>
    </file>
  </project>
</coverage>
