<?xml version="1.0" encoding="UTF-8"?>
<coverage generated="1581030300064" clover="3.2.0">
  <project timestamp="1581030300065" name="All files">
    <metrics statements="50" coveredstatements="40" conditionals="8" coveredconditionals="4" methods="17" coveredmethods="13" elements="75" coveredelements="57" complexity="0" loc="50" ncloc="50" packages="1" files="1" classes="1"/>
    <file name="index.js" path="/home/vanesa/Escritorio/LIM011-fe-md-links/src/index.js">
      <metrics statements="50" coveredstatements="40" conditionals="8" coveredconditionals="4" methods="17" coveredmethods="13"/>
      <line num="2" count="1" type="stmt"/>
      <line num="3" count="1" type="stmt"/>
      <line num="4" count="1" type="stmt"/>
      <line num="5" count="1" type="stmt"/>
      <line num="7" count="2" type="stmt"/>
      <line num="8" count="8" type="stmt"/>
      <line num="9" count="9" type="stmt"/>
      <line num="10" count="13" type="stmt"/>
      <line num="11" count="1" type="stmt"/>
      <line num="12" count="7" type="stmt"/>
      <line num="13" count="1" type="stmt"/>
      <line num="14" count="13" type="stmt"/>
      <line num="15" count="13" type="cond" truecount="2" falsecount="0"/>
      <line num="16" count="9" type="cond" truecount="2" falsecount="0"/>
      <line num="17" count="7" type="stmt"/>
      <line num="18" count="7" type="stmt"/>
      <line num="19" count="7" type="stmt"/>
      <line num="21" count="2" type="stmt"/>
      <line num="23" count="4" type="stmt"/>
      <line num="24" count="8" type="stmt"/>
      <line num="26" count="4" type="stmt"/>
      <line num="28" count="1" type="stmt"/>
      <line num="29" count="5" type="stmt"/>
      <line num="30" count="5" type="stmt"/>
      <line num="31" count="5" type="stmt"/>
      <line num="32" count="7" type="stmt"/>
      <line num="33" count="15" type="stmt"/>
      <line num="35" count="7" type="stmt"/>
      <line num="37" count="5" type="stmt"/>
      <line num="39" count="1" type="stmt"/>
      <line num="40" count="3" type="stmt"/>
      <line num="41" count="3" type="stmt"/>
      <line num="42" count="3" type="stmt"/>
      <line num="43" count="13" type="stmt"/>
      <line num="44" count="13" type="stmt"/>
      <line num="46" count="0" type="cond" truecount="0" falsecount="4"/>
      <line num="47" count="0" type="stmt"/>
      <line num="48" count="0" type="stmt"/>
      <line num="49" count="0" type="stmt"/>
      <line num="51" count="0" type="stmt"/>
      <line num="52" count="0" type="stmt"/>
      <line num="53" count="0" type="stmt"/>
      <line num="56" count="0" type="stmt"/>
      <line num="57" count="0" type="stmt"/>
      <line num="58" count="0" type="stmt"/>
      <line num="61" count="3" type="stmt"/>
      <line num="64" count="1" type="stmt"/>
      <line num="72" count="1" type="stmt"/>
      <line num="73" count="1" type="stmt"/>
      <line num="74" count="1" type="stmt"/>
    </file>
  </project>
</coverage>
