{"/home/vanesa/Escritorio/LIM011-fe-md-links/src/index.js": {"path":"/home/vanesa/Escritorio/LIM011-fe-md-links/src/index.js","statementMap":{"0":{"start":{"line":2,"column":13},"end":{"line":2,"column":28}},"1":{"start":{"line":3,"column":11},"end":{"line":3,"column":24}},"2":{"start":{"line":4,"column":15},"end":{"line":4,"column":32}},"3":{"start":{"line":6,"column":19},"end":{"line":6,"column":52}},"4":{"start":{"line":6,"column":30},"end":{"line":6,"column":51}},"5":{"start":{"line":7,"column":26},"end":{"line":7,"column":54}},"6":{"start":{"line":7,"column":36},"end":{"line":7,"column":54}},"7":{"start":{"line":8,"column":17},"end":{"line":8,"column":87}},"8":{"start":{"line":8,"column":27},"end":{"line":8,"column":87}},"9":{"start":{"line":8,"column":62},"end":{"line":8,"column":86}},"10":{"start":{"line":9,"column":13},"end":{"line":9,"column":55}},"11":{"start":{"line":9,"column":25},"end":{"line":9,"column":55}},"12":{"start":{"line":10,"column":15},"end":{"line":10,"column":51}},"13":{"start":{"line":10,"column":25},"end":{"line":10,"column":51}},"14":{"start":{"line":11,"column":17},"end":{"line":11,"column":56}},"15":{"start":{"line":11,"column":27},"end":{"line":11,"column":56}},"16":{"start":{"line":12,"column":22},"end":{"line":25,"column":1}},"17":{"start":{"line":13,"column":16},"end":{"line":13,"column":18}},"18":{"start":{"line":14,"column":2},"end":{"line":20,"column":3}},"19":{"start":{"line":15,"column":4},"end":{"line":18,"column":5}},"20":{"start":{"line":16,"column":6},"end":{"line":16,"column":37}},"21":{"start":{"line":17,"column":6},"end":{"line":17,"column":21}},"22":{"start":{"line":19,"column":4},"end":{"line":19,"column":14}},"23":{"start":{"line":21,"column":2},"end":{"line":23,"column":5}},"24":{"start":{"line":22,"column":4},"end":{"line":22,"column":54}},"25":{"start":{"line":24,"column":2},"end":{"line":24,"column":17}},"26":{"start":{"line":26,"column":17},"end":{"line":36,"column":1}},"27":{"start":{"line":27,"column":19},"end":{"line":27,"column":40}},"28":{"start":{"line":28,"column":16},"end":{"line":28,"column":18}},"29":{"start":{"line":29,"column":2},"end":{"line":34,"column":5}},"30":{"start":{"line":30,"column":4},"end":{"line":32,"column":6}},"31":{"start":{"line":31,"column":6},"end":{"line":31,"column":39}},"32":{"start":{"line":33,"column":4},"end":{"line":33,"column":41}},"33":{"start":{"line":35,"column":2},"end":{"line":35,"column":15}},"34":{"start":{"line":48,"column":0},"end":{"line":50,"column":2}}},"fnMap":{"0":{"name":"(anonymous_0)","decl":{"start":{"line":6,"column":19},"end":{"line":6,"column":20}},"loc":{"start":{"line":6,"column":30},"end":{"line":6,"column":51}},"line":6},"1":{"name":"(anonymous_1)","decl":{"start":{"line":7,"column":26},"end":{"line":7,"column":27}},"loc":{"start":{"line":7,"column":36},"end":{"line":7,"column":54}},"line":7},"2":{"name":"(anonymous_2)","decl":{"start":{"line":8,"column":17},"end":{"line":8,"column":18}},"loc":{"start":{"line":8,"column":27},"end":{"line":8,"column":87}},"line":8},"3":{"name":"(anonymous_3)","decl":{"start":{"line":8,"column":52},"end":{"line":8,"column":53}},"loc":{"start":{"line":8,"column":62},"end":{"line":8,"column":86}},"line":8},"4":{"name":"(anonymous_4)","decl":{"start":{"line":9,"column":13},"end":{"line":9,"column":14}},"loc":{"start":{"line":9,"column":25},"end":{"line":9,"column":55}},"line":9},"5":{"name":"(anonymous_5)","decl":{"start":{"line":10,"column":15},"end":{"line":10,"column":16}},"loc":{"start":{"line":10,"column":25},"end":{"line":10,"column":51}},"line":10},"6":{"name":"(anonymous_6)","decl":{"start":{"line":11,"column":17},"end":{"line":11,"column":18}},"loc":{"start":{"line":11,"column":27},"end":{"line":11,"column":56}},"line":11},"7":{"name":"(anonymous_7)","decl":{"start":{"line":12,"column":22},"end":{"line":12,"column":23}},"loc":{"start":{"line":12,"column":32},"end":{"line":25,"column":1}},"line":12},"8":{"name":"(anonymous_8)","decl":{"start":{"line":21,"column":25},"end":{"line":21,"column":26}},"loc":{"start":{"line":21,"column":39},"end":{"line":23,"column":3}},"line":21},"9":{"name":"(anonymous_9)","decl":{"start":{"line":26,"column":17},"end":{"line":26,"column":18}},"loc":{"start":{"line":26,"column":27},"end":{"line":36,"column":1}},"line":26},"10":{"name":"(anonymous_10)","decl":{"start":{"line":29,"column":30},"end":{"line":29,"column":31}},"loc":{"start":{"line":29,"column":40},"end":{"line":34,"column":3}},"line":29},"11":{"name":"(anonymous_11)","decl":{"start":{"line":30,"column":20},"end":{"line":30,"column":21}},"loc":{"start":{"line":30,"column":43},"end":{"line":32,"column":5}},"line":30}},"branchMap":{"0":{"loc":{"start":{"line":14,"column":2},"end":{"line":20,"column":3}},"type":"if","locations":[{"start":{"line":14,"column":2},"end":{"line":20,"column":3}},{"start":{"line":14,"column":2},"end":{"line":20,"column":3}}],"line":14},"1":{"loc":{"start":{"line":15,"column":4},"end":{"line":18,"column":5}},"type":"if","locations":[{"start":{"line":15,"column":4},"end":{"line":18,"column":5}},{"start":{"line":15,"column":4},"end":{"line":18,"column":5}}],"line":15}},"s":{"0":1,"1":1,"2":1,"3":1,"4":2,"5":1,"6":7,"7":1,"8":2,"9":4,"10":1,"11":15,"12":1,"13":17,"14":1,"15":12,"16":1,"17":17,"18":17,"19":15,"20":14,"21":14,"22":1,"23":2,"24":4,"25":2,"26":1,"27":12,"28":12,"29":12,"30":12,"31":22,"32":12,"33":12,"34":1},"f":{"0":2,"1":7,"2":2,"3":4,"4":15,"5":17,"6":12,"7":17,"8":4,"9":12,"10":12,"11":22},"b":{"0":[15,2],"1":[14,1]},"_coverageSchema":"1a1c01bbd47fc00a2c39e90264f33305004495a9","hash":"68d93a6460b9c97ed3559fc23a23eb72f031c377"}
,"/home/vanesa/Escritorio/LIM011-fe-md-links/src/mdlinks-cli.js": {"path":"/home/vanesa/Escritorio/LIM011-fe-md-links/src/mdlinks-cli.js","statementMap":{"0":{"start":{"line":1,"column":14},"end":{"line":1,"column":32}},"1":{"start":{"line":2,"column":16},"end":{"line":2,"column":36}},"2":{"start":{"line":4,"column":12},"end":{"line":35,"column":1}},"3":{"start":{"line":5,"column":2},"end":{"line":11,"column":3}},"4":{"start":{"line":6,"column":4},"end":{"line":10,"column":7}},"5":{"start":{"line":7,"column":22},"end":{"line":7,"column":24}},"6":{"start":{"line":8,"column":6},"end":{"line":8,"column":129}},"7":{"start":{"line":9,"column":6},"end":{"line":9,"column":23}},"8":{"start":{"line":12,"column":2},"end":{"line":20,"column":3}},"9":{"start":{"line":13,"column":4},"end":{"line":19,"column":7}},"10":{"start":{"line":14,"column":21},"end":{"line":14,"column":23}},"11":{"start":{"line":15,"column":6},"end":{"line":17,"column":9}},"12":{"start":{"line":16,"column":8},"end":{"line":16,"column":113}},"13":{"start":{"line":18,"column":6},"end":{"line":18,"column":22}},"14":{"start":{"line":20,"column":4},"end":{"line":26,"column":3}},"15":{"start":{"line":21,"column":4},"end":{"line":25,"column":7}},"16":{"start":{"line":22,"column":17},"end":{"line":22,"column":19}},"17":{"start":{"line":23,"column":6},"end":{"line":23,"column":90}},"18":{"start":{"line":24,"column":6},"end":{"line":24,"column":18}},"19":{"start":{"line":28,"column":2},"end":{"line":34,"column":5}},"20":{"start":{"line":29,"column":16},"end":{"line":29,"column":18}},"21":{"start":{"line":30,"column":4},"end":{"line":32,"column":7}},"22":{"start":{"line":31,"column":6},"end":{"line":31,"column":68}},"23":{"start":{"line":33,"column":4},"end":{"line":33,"column":17}},"24":{"start":{"line":36,"column":0},"end":{"line":36,"column":25}}},"fnMap":{"0":{"name":"(anonymous_0)","decl":{"start":{"line":4,"column":12},"end":{"line":4,"column":13}},"loc":{"start":{"line":4,"column":31},"end":{"line":35,"column":1}},"line":4},"1":{"name":"(anonymous_1)","decl":{"start":{"line":6,"column":58},"end":{"line":6,"column":59}},"loc":{"start":{"line":6,"column":68},"end":{"line":10,"column":5}},"line":6},"2":{"name":"(anonymous_2)","decl":{"start":{"line":13,"column":58},"end":{"line":13,"column":59}},"loc":{"start":{"line":13,"column":68},"end":{"line":19,"column":5}},"line":13},"3":{"name":"(anonymous_3)","decl":{"start":{"line":15,"column":19},"end":{"line":15,"column":20}},"loc":{"start":{"line":15,"column":32},"end":{"line":17,"column":7}},"line":15},"4":{"name":"(anonymous_4)","decl":{"start":{"line":21,"column":58},"end":{"line":21,"column":59}},"loc":{"start":{"line":21,"column":68},"end":{"line":25,"column":5}},"line":21},"5":{"name":"(anonymous_5)","decl":{"start":{"line":28,"column":57},"end":{"line":28,"column":58}},"loc":{"start":{"line":28,"column":67},"end":{"line":34,"column":3}},"line":28},"6":{"name":"(anonymous_6)","decl":{"start":{"line":30,"column":17},"end":{"line":30,"column":18}},"loc":{"start":{"line":30,"column":30},"end":{"line":32,"column":5}},"line":30}},"branchMap":{"0":{"loc":{"start":{"line":5,"column":2},"end":{"line":11,"column":3}},"type":"if","locations":[{"start":{"line":5,"column":2},"end":{"line":11,"column":3}},{"start":{"line":5,"column":2},"end":{"line":11,"column":3}}],"line":5},"1":{"loc":{"start":{"line":5,"column":6},"end":{"line":5,"column":70}},"type":"binary-expr","locations":[{"start":{"line":5,"column":6},"end":{"line":5,"column":33}},{"start":{"line":5,"column":37},"end":{"line":5,"column":70}}],"line":5},"2":{"loc":{"start":{"line":12,"column":2},"end":{"line":20,"column":3}},"type":"if","locations":[{"start":{"line":12,"column":2},"end":{"line":20,"column":3}},{"start":{"line":12,"column":2},"end":{"line":20,"column":3}}],"line":12},"3":{"loc":{"start":{"line":20,"column":4},"end":{"line":26,"column":3}},"type":"if","locations":[{"start":{"line":20,"column":4},"end":{"line":26,"column":3}},{"start":{"line":20,"column":4},"end":{"line":26,"column":3}}],"line":20}},"s":{"0":1,"1":1,"2":1,"3":4,"4":1,"5":1,"6":1,"7":1,"8":3,"9":1,"10":1,"11":1,"12":1,"13":1,"14":2,"15":1,"16":1,"17":1,"18":1,"19":1,"20":1,"21":1,"22":1,"23":1,"24":1},"f":{"0":4,"1":1,"2":1,"3":1,"4":1,"5":1,"6":1},"b":{"0":[1,3],"1":[4,1],"2":[1,2],"3":[1,1]},"_coverageSchema":"1a1c01bbd47fc00a2c39e90264f33305004495a9","hash":"2309222f989e2f2c354a6ed67e152f5fc9ed212b"}
,"/home/vanesa/Escritorio/LIM011-fe-md-links/src/mdlinks.js": {"path":"/home/vanesa/Escritorio/LIM011-fe-md-links/src/mdlinks.js","statementMap":{"0":{"start":{"line":1,"column":22},"end":{"line":1,"column":46}},"1":{"start":{"line":2,"column":14},"end":{"line":2,"column":35}},"2":{"start":{"line":4,"column":16},"end":{"line":10,"column":2}},"3":{"start":{"line":4,"column":35},"end":{"line":10,"column":2}},"4":{"start":{"line":5,"column":19},"end":{"line":5,"column":48}},"5":{"start":{"line":6,"column":2},"end":{"line":8,"column":3}},"6":{"start":{"line":7,"column":4},"end":{"line":7,"column":51}},"7":{"start":{"line":9,"column":2},"end":{"line":9,"column":36}},"8":{"start":{"line":15,"column":0},"end":{"line":15,"column":29}}},"fnMap":{"0":{"name":"(anonymous_0)","decl":{"start":{"line":4,"column":16},"end":{"line":4,"column":17}},"loc":{"start":{"line":4,"column":35},"end":{"line":10,"column":2}},"line":4},"1":{"name":"(anonymous_1)","decl":{"start":{"line":4,"column":47},"end":{"line":4,"column":48}},"loc":{"start":{"line":4,"column":60},"end":{"line":10,"column":1}},"line":4}},"branchMap":{"0":{"loc":{"start":{"line":6,"column":2},"end":{"line":8,"column":3}},"type":"if","locations":[{"start":{"line":6,"column":2},"end":{"line":8,"column":3}},{"start":{"line":6,"column":2},"end":{"line":8,"column":3}}],"line":6}},"s":{"0":1,"1":1,"2":1,"3":6,"4":6,"5":6,"6":4,"7":6,"8":1},"f":{"0":6,"1":6},"b":{"0":[4,2]},"_coverageSchema":"1a1c01bbd47fc00a2c39e90264f33305004495a9","hash":"7be65780822783590ff120832325f94a21ca5995"}
,"/home/vanesa/Escritorio/LIM011-fe-md-links/src/stats.js": {"path":"/home/vanesa/Escritorio/LIM011-fe-md-links/src/stats.js","statementMap":{"0":{"start":{"line":1,"column":19},"end":{"line":1,"column":42}},"1":{"start":{"line":1,"column":30},"end":{"line":1,"column":42}},"2":{"start":{"line":2,"column":20},"end":{"line":2,"column":88}},"3":{"start":{"line":2,"column":31},"end":{"line":2,"column":88}},"4":{"start":{"line":2,"column":54},"end":{"line":2,"column":80}},"5":{"start":{"line":3,"column":20},"end":{"line":8,"column":1}},"6":{"start":{"line":4,"column":16},"end":{"line":4,"column":18}},"7":{"start":{"line":5,"column":2},"end":{"line":5,"column":55}},"8":{"start":{"line":5,"column":29},"end":{"line":5,"column":53}},"9":{"start":{"line":6,"column":18},"end":{"line":6,"column":37}},"10":{"start":{"line":7,"column":2},"end":{"line":7,"column":17}},"11":{"start":{"line":9,"column":0},"end":{"line":9,"column":58}}},"fnMap":{"0":{"name":"(anonymous_0)","decl":{"start":{"line":1,"column":19},"end":{"line":1,"column":20}},"loc":{"start":{"line":1,"column":30},"end":{"line":1,"column":42}},"line":1},"1":{"name":"(anonymous_1)","decl":{"start":{"line":2,"column":20},"end":{"line":2,"column":21}},"loc":{"start":{"line":2,"column":31},"end":{"line":2,"column":88}},"line":2},"2":{"name":"(anonymous_2)","decl":{"start":{"line":2,"column":44},"end":{"line":2,"column":45}},"loc":{"start":{"line":2,"column":54},"end":{"line":2,"column":80}},"line":2},"3":{"name":"(anonymous_3)","decl":{"start":{"line":3,"column":20},"end":{"line":3,"column":21}},"loc":{"start":{"line":3,"column":31},"end":{"line":8,"column":1}},"line":3},"4":{"name":"(anonymous_4)","decl":{"start":{"line":5,"column":16},"end":{"line":5,"column":17}},"loc":{"start":{"line":5,"column":29},"end":{"line":5,"column":53}},"line":5}},"branchMap":{},"s":{"0":1,"1":3,"2":1,"3":2,"4":4,"5":1,"6":3,"7":3,"8":5,"9":3,"10":3,"11":1},"f":{"0":3,"1":2,"2":4,"3":3,"4":5},"b":{},"_coverageSchema":"1a1c01bbd47fc00a2c39e90264f33305004495a9","hash":"079f71e3bb0177fcc38adb66f2409176ff48de78"}
,"/home/vanesa/Escritorio/LIM011-fe-md-links/src/validate.js": {"path":"/home/vanesa/Escritorio/LIM011-fe-md-links/src/validate.js","statementMap":{"0":{"start":{"line":3,"column":14},"end":{"line":3,"column":35}},"1":{"start":{"line":4,"column":14},"end":{"line":4,"column":37}},"2":{"start":{"line":6,"column":22},"end":{"line":29,"column":1}},"3":{"start":{"line":7,"column":24},"end":{"line":7,"column":26}},"4":{"start":{"line":8,"column":21},"end":{"line":8,"column":41}},"5":{"start":{"line":9,"column":2},"end":{"line":27,"column":5}},"6":{"start":{"line":10,"column":16},"end":{"line":10,"column":25}},"7":{"start":{"line":11,"column":4},"end":{"line":26,"column":10}},"8":{"start":{"line":13,"column":8},"end":{"line":17,"column":9}},"9":{"start":{"line":14,"column":10},"end":{"line":14,"column":34}},"10":{"start":{"line":15,"column":10},"end":{"line":15,"column":32}},"11":{"start":{"line":16,"column":10},"end":{"line":16,"column":21}},"12":{"start":{"line":18,"column":8},"end":{"line":18,"column":32}},"13":{"start":{"line":19,"column":8},"end":{"line":19,"column":32}},"14":{"start":{"line":20,"column":8},"end":{"line":20,"column":19}},"15":{"start":{"line":23,"column":8},"end":{"line":23,"column":39}},"16":{"start":{"line":24,"column":8},"end":{"line":24,"column":32}},"17":{"start":{"line":25,"column":8},"end":{"line":25,"column":19}},"18":{"start":{"line":28,"column":2},"end":{"line":28,"column":36}},"19":{"start":{"line":32,"column":0},"end":{"line":32,"column":35}}},"fnMap":{"0":{"name":"(anonymous_0)","decl":{"start":{"line":6,"column":22},"end":{"line":6,"column":23}},"loc":{"start":{"line":6,"column":32},"end":{"line":29,"column":1}},"line":6},"1":{"name":"(anonymous_1)","decl":{"start":{"line":9,"column":21},"end":{"line":9,"column":22}},"loc":{"start":{"line":9,"column":29},"end":{"line":27,"column":3}},"line":9},"2":{"name":"(anonymous_2)","decl":{"start":{"line":12,"column":12},"end":{"line":12,"column":13}},"loc":{"start":{"line":12,"column":21},"end":{"line":21,"column":7}},"line":12},"3":{"name":"(anonymous_3)","decl":{"start":{"line":22,"column":13},"end":{"line":22,"column":14}},"loc":{"start":{"line":22,"column":19},"end":{"line":26,"column":7}},"line":22}},"branchMap":{"0":{"loc":{"start":{"line":13,"column":8},"end":{"line":17,"column":9}},"type":"if","locations":[{"start":{"line":13,"column":8},"end":{"line":17,"column":9}},{"start":{"line":13,"column":8},"end":{"line":17,"column":9}}],"line":13},"1":{"loc":{"start":{"line":13,"column":12},"end":{"line":13,"column":54}},"type":"binary-expr","locations":[{"start":{"line":13,"column":13},"end":{"line":13,"column":30}},{"start":{"line":13,"column":36},"end":{"line":13,"column":53}}],"line":13}},"s":{"0":1,"1":1,"2":1,"3":5,"4":5,"5":5,"6":9,"7":9,"8":7,"9":5,"10":5,"11":5,"12":2,"13":2,"14":2,"15":2,"16":2,"17":2,"18":5,"19":1},"f":{"0":5,"1":9,"2":7,"3":2},"b":{"0":[5,2],"1":[7,7]},"_coverageSchema":"1a1c01bbd47fc00a2c39e90264f33305004495a9","hash":"9ae8759907faf0f47520bc9c5442aed087ed9346"}
}
