{"/home/vanesa/Escritorio/LIM011-fe-md-links/src/mdlinks.js": {"path":"/home/vanesa/Escritorio/LIM011-fe-md-links/src/mdlinks.js","statementMap":{"0":{"start":{"line":1,"column":19},"end":{"line":1,"column":31}},"1":{"start":{"line":1,"column":25},"end":{"line":1,"column":31}},"2":{"start":{"line":2,"column":0},"end":{"line":2,"column":24}},"3":{"start":{"line":3,"column":0},"end":{"line":3,"column":28}}},"fnMap":{"0":{"name":"(anonymous_0)","decl":{"start":{"line":1,"column":19},"end":{"line":1,"column":20}},"loc":{"start":{"line":1,"column":25},"end":{"line":1,"column":31}},"line":1}},"branchMap":{},"s":{"0":1,"1":1,"2":1,"3":1},"f":{"0":1},"b":{},"_coverageSchema":"1a1c01bbd47fc00a2c39e90264f33305004495a9","hash":"46e8d4c71230b2ad3cf74e99b4a1a0a946bbeed8"}
,"/home/vanesa/Escritorio/LIM011-fe-md-links/src/sum.js": {"path":"/home/vanesa/Escritorio/LIM011-fe-md-links/src/sum.js","statementMap":{"0":{"start":{"line":2,"column":2},"end":{"line":2,"column":15}},"1":{"start":{"line":4,"column":0},"end":{"line":4,"column":21}}},"fnMap":{"0":{"name":"sum","decl":{"start":{"line":1,"column":9},"end":{"line":1,"column":12}},"loc":{"start":{"line":1,"column":19},"end":{"line":3,"column":1}},"line":1}},"branchMap":{},"s":{"0":1,"1":1},"f":{"0":1},"b":{},"_coverageSchema":"1a1c01bbd47fc00a2c39e90264f33305004495a9","hash":"5f1a54097ac637d5a3db07c492d9c176279c27f8"}
}
