TN:
SF:src/index.js
FN:6,(anonymous_0)
FN:7,(anonymous_1)
FN:8,(anonymous_2)
FN:8,(anonymous_3)
FN:9,(anonymous_4)
FN:10,(anonymous_5)
FN:11,(anonymous_6)
FN:12,(anonymous_7)
FN:21,(anonymous_8)
FN:26,(anonymous_9)
FN:29,(anonymous_10)
FN:30,(anonymous_11)
FNF:12
FNH:12
FNDA:2,(anonymous_0)
FNDA:1,(anonymous_1)
FNDA:2,(anonymous_2)
FNDA:4,(anonymous_3)
FNDA:5,(anonymous_4)
FNDA:7,(anonymous_5)
FNDA:2,(anonymous_6)
FNDA:7,(anonymous_7)
FNDA:4,(anonymous_8)
FNDA:2,(anonymous_9)
FNDA:2,(anonymous_10)
FNDA:6,(anonymous_11)
DA:2,1
DA:3,1
DA:4,1
DA:6,2
DA:7,1
DA:8,4
DA:9,5
DA:10,7
DA:11,2
DA:12,1
DA:13,7
DA:14,7
DA:15,5
DA:16,4
DA:17,4
DA:19,1
DA:21,2
DA:22,4
DA:24,2
DA:26,1
DA:27,2
DA:28,2
DA:29,2
DA:30,2
DA:31,6
DA:33,2
DA:35,2
DA:48,1
LF:28
LH:28
BRDA:14,0,0,5
BRDA:14,0,1,2
BRDA:15,1,0,4
BRDA:15,1,1,1
BRF:4
BRH:4
end_of_record
TN:
SF:src/stats.js
FN:1,(anonymous_0)
FN:2,(anonymous_1)
FN:2,(anonymous_2)
FN:3,(anonymous_3)
FN:5,(anonymous_4)
FNF:5
FNH:5
FNDA:1,(anonymous_0)
FNDA:1,(anonymous_1)
FNDA:3,(anonymous_2)
FNDA:1,(anonymous_3)
FNDA:3,(anonymous_4)
DA:1,1
DA:2,3
DA:3,1
DA:4,1
DA:5,3
DA:6,1
DA:7,1
DA:9,1
LF:8
LH:8
BRF:0
BRH:0
end_of_record
TN:
SF:src/validate.js
FN:6,(anonymous_0)
FN:9,(anonymous_1)
FN:12,(anonymous_2)
FN:22,(anonymous_3)
FNF:4
FNH:4
FNDA:1,(anonymous_0)
FNDA:3,(anonymous_1)
FNDA:2,(anonymous_2)
FNDA:1,(anonymous_3)
DA:3,1
DA:4,1
DA:6,1
DA:7,1
DA:8,1
DA:9,1
DA:10,3
DA:11,3
DA:13,2
DA:14,1
DA:15,1
DA:16,1
DA:18,1
DA:19,1
DA:20,1
DA:23,1
DA:24,1
DA:25,1
DA:28,1
DA:32,1
LF:20
LH:20
BRDA:13,0,0,1
BRDA:13,0,1,1
BRDA:13,1,0,2
BRDA:13,1,1,2
BRF:4
BRH:4
end_of_record
