TN:
SF:src\index.js
FN:5,(anonymous_0)
FN:6,(anonymous_1)
FN:7,(anonymous_2)
FN:7,(anonymous_3)
FN:8,(anonymous_4)
FN:9,(anonymous_5)
FN:10,(anonymous_6)
FN:11,(anonymous_7)
FN:20,(anonymous_8)
FN:25,(anonymous_9)
FN:28,(anonymous_10)
FN:29,(anonymous_11)
FNF:12
FNH:12
FNDA:2,(anonymous_0)
FNDA:7,(anonymous_1)
FNDA:2,(anonymous_2)
FNDA:4,(anonymous_3)
FNDA:15,(anonymous_4)
FNDA:17,(anonymous_5)
FNDA:12,(anonymous_6)
FNDA:17,(anonymous_7)
FNDA:4,(anonymous_8)
FNDA:12,(anonymous_9)
FNDA:12,(anonymous_10)
FNDA:22,(anonymous_11)
DA:1,4
DA:2,4
DA:3,4
DA:5,4
DA:6,7
DA:7,4
DA:8,15
DA:9,17
DA:10,12
DA:11,4
DA:12,17
DA:13,17
DA:14,15
DA:15,14
DA:16,14
DA:18,1
DA:20,2
DA:21,4
DA:23,2
DA:25,4
DA:26,12
DA:27,12
DA:28,12
DA:29,12
DA:30,22
DA:32,12
DA:34,12
DA:44,4
LF:28
LH:28
BRDA:13,0,0,15
BRDA:13,0,1,2
BRDA:14,1,0,14
BRDA:14,1,1,1
BRF:4
BRH:4
end_of_record
TN:
SF:src\mdlinks-cli.js
FN:4,(anonymous_0)
FN:6,(anonymous_1)
FN:13,(anonymous_2)
FN:15,(anonymous_3)
FN:21,(anonymous_4)
FN:28,(anonymous_5)
FN:30,(anonymous_6)
FNF:7
FNH:7
FNDA:4,(anonymous_0)
FNDA:1,(anonymous_1)
FNDA:1,(anonymous_2)
FNDA:1,(anonymous_3)
FNDA:1,(anonymous_4)
FNDA:1,(anonymous_5)
FNDA:1,(anonymous_6)
DA:1,1
DA:2,1
DA:4,1
DA:5,4
DA:6,1
DA:7,1
DA:8,1
DA:9,1
DA:12,3
DA:13,1
DA:14,1
DA:15,1
DA:16,1
DA:18,1
DA:20,2
DA:21,1
DA:22,1
DA:23,1
DA:24,1
DA:28,1
DA:29,1
DA:30,1
DA:31,1
DA:33,1
DA:36,1
LF:25
LH:25
BRDA:5,0,0,1
BRDA:5,0,1,3
BRDA:5,1,0,4
BRDA:5,1,1,2
BRDA:12,2,0,1
BRDA:12,2,1,2
BRDA:20,3,0,1
BRDA:20,3,1,1
BRF:8
BRH:8
end_of_record
TN:
SF:src\mdlinks.js
FN:4,(anonymous_0)
FN:4,(anonymous_1)
FNF:2
FNH:2
FNDA:6,(anonymous_0)
FNDA:6,(anonymous_1)
DA:1,2
DA:2,2
DA:4,6
DA:5,6
DA:6,6
DA:7,4
DA:9,6
DA:15,2
LF:8
LH:8
BRDA:6,0,0,4
BRDA:6,0,1,2
BRF:2
BRH:2
end_of_record
TN:
SF:src\stats.js
FN:1,(anonymous_0)
FN:2,(anonymous_1)
FN:2,(anonymous_2)
FN:3,(anonymous_3)
FN:5,(anonymous_4)
FNF:5
FNH:5
FNDA:3,(anonymous_0)
FNDA:2,(anonymous_1)
FNDA:4,(anonymous_2)
FNDA:3,(anonymous_3)
FNDA:5,(anonymous_4)
DA:1,3
DA:2,4
DA:3,2
DA:4,3
DA:5,5
DA:6,3
DA:7,3
DA:9,2
LF:8
LH:8
BRF:0
BRH:0
end_of_record
TN:
SF:src\validate.js
FN:4,(anonymous_0)
FN:7,(anonymous_1)
FN:10,(anonymous_2)
FN:20,(anonymous_3)
FNF:4
FNH:4
FNDA:5,(anonymous_0)
FNDA:9,(anonymous_1)
FNDA:7,(anonymous_2)
FNDA:2,(anonymous_3)
DA:1,3
DA:2,3
DA:4,3
DA:5,5
DA:6,5
DA:7,5
DA:8,9
DA:9,9
DA:11,7
DA:12,5
DA:13,5
DA:14,5
DA:16,2
DA:17,2
DA:18,2
DA:21,2
DA:22,2
DA:23,2
DA:26,5
DA:32,3
LF:20
LH:20
BRDA:11,0,0,5
BRDA:11,0,1,2
BRDA:11,1,0,7
BRDA:11,1,1,7
BRF:4
BRH:4
end_of_record
